[2015-01-09 09:14 Europe/Stockholm] HTTP request of validation request:POST /cgi-bin/webscr HTTP/1.1
Host: www.paypal.com
Accept: */*
Connection: Close
Content-Length: 20
Content-Type: application/x-www-form-urlencoded

 for IPN payload: cmd=_notify-validate
[2015-01-09 09:14 Europe/Stockholm] HTTP response of validation request: HTTP/1.1 200 OK
Server: Apache
X-Frame-Options: SAMEORIGIN
Content-Type: text/html; charset=UTF-8
DC: slc-b-origin-www-2.paypal.com
Date: Fri, 09 Jan 2015 08:14:12 GMT
Content-Length: 7
Connection: close
Set-Cookie: cwrClyrK4LoCV1fydGbAxiNL6iG=1bUK8mgZvvRpfVNNYUMaN7ghUDbvBCpSj5HppsllZK8gOAmrLo8qWUtWnZ3X7FWWgHFnyMqGfumASTX5cOePjUSw2KHRAKBtXM7EL6RS-N8b_0JKj1CDuqgxKeQ0vOzNzUa-f-dk0kdF7-xewTXDz4D5wKhR-O-Mbt8rhfcch1LHBhH7NRdcJ3iSKHI7b2OABX_r4fZKXxAY7Nwi28AMNleKLCJyWzbVTwV9MQDYAPBdJKtYl9scgbkmfG7_S3i6q5psItciCb-_Mc1V-e8In9GpE2XSRRJqZviquROQre7jRYPXdtTkSy3B9MJQTLkbz2gLjlrFzgK6_VQIa1eJSg-zSWBzehK1PnEa5fhkVLbFSZhjZkHX_5zS-ykFl_Do0gDYmDYirj-ZwzWCGr66fsbaY86jlA-h7-D-_iWoSzzuSe3SVqx7YxuSkY8; domain=.paypal.com; path=/; Secure; HttpOnly
Set-Cookie: cookie_check=yes; expires=Mon, 06-Jan-2025 08:14:12 GMT; domain=.paypal.com; path=/; Secure; HttpOnly
Set-Cookie: navcmd=_notify-validate; domain=.paypal.com; path=/; Secure; HttpOnly
Set-Cookie: navlns=0.0; expires=Sun, 08-Jan-2017 08:14:12 GMT; domain=.paypal.com; path=/; Secure; HttpOnly
Set-Cookie: Apache=10.74.8.134.1420791252541449; path=/; expires=Sun, 01-Jan-45 08:14:12 GMT
Set-Cookie: X-PP-SILOVER=name%3DLIVE6.WEB.1%26silo_version%3D880%26app%3Dslingshot%26TIME%3D3566055252; domain=.paypal.com; path=/; Secure; HttpOnly
Set-Cookie: X-PP-SILOVER=; Expires=Thu, 01 Jan 1970 00:00:01 GMT
Set-Cookie: Apache=10.74.8.52.1420791252530039; path=/; expires=Sun, 01-Jan-45 08:14:12 GMT
Set-Cookie: AKDC=slc-b-origin-www-2.paypal.com; expires=Fri, 09-Jan-2015 08:44:12 GMT; path=/; secure
Strict-Transport-Security: max-age=63072000

INVALID
[2015-01-09 09:14 Europe/Stockholm] Invalid IPN: cmd=_notify-validate
[2015-01-09 09:25 Europe/Stockholm] HTTP request of validation request:POST /cgi-bin/webscr HTTP/1.1
Host: www.paypal.com
Accept: */*
Connection: Close
Content-Length: 20
Content-Type: application/x-www-form-urlencoded

 for IPN payload: cmd=_notify-validate
[2015-01-09 09:25 Europe/Stockholm] HTTP response of validation request: HTTP/1.1 200 OK
Server: Apache
X-Frame-Options: SAMEORIGIN
Content-Type: text/html; charset=UTF-8
DC: slc-origin-www.paypal.com
Date: Fri, 09 Jan 2015 08:25:12 GMT
Content-Length: 7
Connection: close
Set-Cookie: cwrClyrK4LoCV1fydGbAxiNL6iG=6-Y_eMUvtUJGLxX8IMKBoxC-jBJAovjZv-s_5rhRnzm524vm1KKVXtxecZN1Fxcep6CUFSb6487AC13ZGDUbDVYUYaKGM4NmeeBnYxqcmxGQrX4pEgtLubuU-zHRxtwXjea98KbJ0lsKTOPEtmXXEJtMVWijnEEMTTRTvlBMc4fwt84SlCVhs7ZVwGhZkQ_k1YvzyhvDiBWdd3-W3NA-DpTggxHOJblL7ecwMlc0MidtFhkPhReqgfr1e0tudtjGFfzGXdM3jQJZpLj-oT8Jxn65KuxpBQ9nJERIpjZ2Uo_Gw0_cQGRuytOu06p0rMCn_stJVsDSX_wJU8ALGZALXah9pF8VL9EGjtxy__WKms2GOBnWf-4HMhHV67FzBCjrSKLKKXd12-ZvjJOd44PRaG8mpAaWkOq13Y6aGSOPz7vwP_7imiCagn3Vmay; domain=.paypal.com; path=/; Secure; HttpOnly
Set-Cookie: cookie_check=yes; expires=Mon, 06-Jan-2025 08:25:12 GMT; domain=.paypal.com; path=/; Secure; HttpOnly
Set-Cookie: navcmd=_notify-validate; domain=.paypal.com; path=/; Secure; HttpOnly
Set-Cookie: navlns=0.0; expires=Sun, 08-Jan-2017 08:25:12 GMT; domain=.paypal.com; path=/; Secure; HttpOnly
Set-Cookie: Apache=10.16.0.14.1420791912123025; path=/; expires=Sun, 01-Jan-45 08:25:12 GMT
Set-Cookie: X-PP-SILOVER=name%3DLIVE9.WEB.1%26silo_version%3D880%26app%3Dslingshot%26TIME%3D1754312532; domain=.paypal.com; path=/; Secure; HttpOnly
Set-Cookie: X-PP-SILOVER=; Expires=Thu, 01 Jan 1970 00:00:01 GMT
Set-Cookie: Apache=10.16.0.11.1420791912116404; path=/; expires=Sun, 01-Jan-45 08:25:12 GMT
Set-Cookie: AKDC=slc-origin-www.paypal.com; expires=Fri, 09-Jan-2015 08:55:12 GMT; path=/; secure
Strict-Transport-Security: max-age=63072000

INVALID
[2015-01-09 09:25 Europe/Stockholm] Invalid IPN: cmd=_notify-validate
