---------------------------------------------
-- 2015-08-19
---------------------------------------------
    - Refactoring code to meet Wordpess 4.3 requirements
    - Css fix for contact forms.
    - Demo content updated (Contact Form)


---------------------------------------------
-- 2015-09-09
-----------------------------------------
    - Bugfix. Title issue in Services Widget fix. Wrong filter applied
    - Bugfix. Popup window on Iphone devices
    - Improvement. Better error reporting during theme installation
    - Ultimate Shortcode plugin update
    - Improved error reporting during theme installation

----------------------------------------------
-- 2015-09-12
----------------------------------------------

    !!! I M P O R T A N T   N O T E. !!!

    Plugin updates will remove old plugin files including custom plugin translations.
    Before applying a plugin updates please BACKUP your translation files.

    1. After successful plugin update, copy old translations to their's previous location.
    2. Deactivate Handyman Plugin
    3. Activate Handyman Plugin again.


    - Improvement. TGM-Plugin-Activation updated.
    - Bugfix. Recent tweets widget. (credits to Mr. pfanciullini thank you!)
    - Fixed code related to the Handyman Plugin translation
    - .po files for plugins renamed
    - .po files updated
    - Documentation updated

---------------------------------------------
-- 2015-09-25
---------------------------------------------
    - Unlimited Color schemes
    - New Widgets (Team Widget, Promotional Widget)
    - Bugfix. Phone number on Ipad/Iphone devices

---------------------------------------------
-- 2015-10-07
---------------------------------------------
    - Phone number on Ipnone devices fixed
    - Added new social icons
    - Added new control. Show/Hide social icons in the footer section
    - Added new control. Show/Hide social icons in the mobile menu
    - Added new control. Show/Hide a footer section in a popup window
    - Added setting for the button in a popup window( label, link, show/hide)
    - Documentation updated.
    - Changed Preset for a homepage. (Team & Promotional widgets added.)
    - Customizer controls improvements. Controls related to a page's header/footer are contextual now.
    - Bugfix. Reloading website in a popup window disabled.

---------------------------------------------
-- 2015-10-19
---------------------------------------------
    -

---------------------------------------------
-- 2015-11-10
---------------------------------------------
    - Added new widget for Layers (TL Header Widget)
    - Added new widget for Layers (TL Post Grid)
    - Change 404 and Search Templates. Image header is replaced with static header
    - Imporvement. Logo and Phone number are always visible.
    - Improvement. Added new control for TL Portfolio Widget. Number of portfolio to show.
    - Bugfix. TL Portfolio Widget. Gutter option was causing layout to break.
    - Parent theme version check.
    - Changed colors for widgets placed in the footer
    - BugFix. Team Widget Masonry Grid
    - Removed Header background color from Customizer.
    - Minor CSS improvements
    - Improvement. 100% compatible with Layers 1.2.7
    - Changed Tweeter API url to "https://api.twitter.com/1.1/"


---------------------------------------------
-- 2015-11-24
---------------------------------------------
    - Compatibility fix with the latest Layers 1.2.9

--------------------------------------------
-- 2015-12-20
--------------------------------------------
    - Header CSS fix
    - Blog options fix
    - 10 Page presets Added
    - New Page Templates Added

--------------------------------------------
-- 2016-02-18
---------------------------------------------
    - Added new page presets
    - Minor CSS/JS improvements & bugfixes
    - Added better control for button inside Layers Widgets
    - Enabled different pages headers (header can contain navigation)
    - Fixed compatibility issues with the latest Layers Theme (1.2.12)
    - Php code refactoring. Fixing compatibility issues with PHP 5.3 (still require testing)

--------------------------------------------
-- 2016-05-17
---------------------------------------------
    - Fixing compatibility issue with Layers v1.5
    - Map Zoom option added
    - Popup on Iphone improvement
    - Demo Content updated

--------------------------------------------
-- 2016-05-23
---------------------------------------------
    - Added notification about required plugin updates.

--------------------------------------------
-- 2016-05-26
---------------------------------------------
    - CSS Fixes. Mostly related to IE11/IE10.
