[2015-01-09 13:36 Europe/Stockholm] HTTP request of validation request:POST /cgi-bin/webscr HTTP/1.1
Host: www.sandbox.paypal.com
Accept: */*
Connection: Close
Content-Length: 951
Content-Type: application/x-www-form-urlencoded

 for IPN payload: cmd=_notify-validate&mc_gross=6.00&protection_eligibility=Eligible&address_status=confirmed&payer_id=HJ7NFBDBWDWAN&tax=0.00&address_street=1+Main+St&payment_date=04%3A36%3A47+Jan+09%2C+2015+PST&payment_status=Completed&charset=windows-1252&address_zip=95131&first_name=m&mc_fee=0.47&address_country_code=US&address_name=m+irfan&notify_version=3.8&custom=&payer_status=verified&business=irfan_donation%40gmail.com&address_country=United+States&address_city=San+Jose&quantity=1&verify_sign=A.CSYz4u5IILQm5wM0J0JbJiIcEuA1f4D0zsv1Bz-72gAAcNwp3-RuNn&payer_email=irfan125565%40gmail.com&txn_id=0NU87083T8266944L&payment_type=instant&last_name=irfan&address_state=CA&receiver_email=irfan_donation%40gmail.com&payment_fee=0.47&receiver_id=A7SXYVKVZFG3E&txn_type=web_accept&item_name=Red+Cross&mc_currency=USD&item_number=6975&residence_country=US&test_ipn=1&handling_amount=0.00&transaction_subject=&payment_gross=6.00&shipping=0.00&ipn_track_id=bf4bcbc27096e
[2015-01-09 13:36 Europe/Stockholm] HTTP response of validation request: HTTP/1.1 200 OK
Date: Fri, 09 Jan 2015 12:36:53 GMT
Server: Apache
X-Frame-Options: SAMEORIGIN
Set-Cookie: c9MWDuvPtT9GIMyPc3jwol1VSlO=RkA4RFD4YJrb52FJOD_PfEs8jSmcy3kICQ2my2Aol6HTVnAsXMhU543KiqxGbmmaykYtQr35cPFdx5f8oVpdFoLcHM9fg1wJxf2lKgTv7SI-VIyqrcDC-KaL-6GFMLTetcpCywBcw-1mc5QabC4qVmGUmFnDVjwtWxXkgEebEOcTb_3nqUnThT0Cfmm2IbinU1SpWd05JBnTrgu7CZ7Gkk9pr499xeamA3K8CbzAbb8T-kijomlj-OhYugwX6tbrjIb2r8m_Xe9CsnvTVsD7OIP8FeToklNcNXuu5eQZ-mZTnKDzYuY1SBLonHVBmaQ1rO7vKtzNay4-AJM9hTEQj7S16cHiXTRHhd2Hig8P1GLW3AkrXGqZ9PZeKz8r9wcvX8NVZNYfgZmYcEORJbxVpZgcEsHJ3JUj4Nkiye5RiduArFV6FQtnt2TEwGy; domain=.paypal.com; path=/; Secure; HttpOnly
Set-Cookie: cookie_check=yes; expires=Mon, 06-Jan-2025 12:36:53 GMT; domain=.paypal.com; path=/; Secure; HttpOnly
Set-Cookie: navcmd=_notify-validate; domain=.paypal.com; path=/; Secure; HttpOnly
Set-Cookie: navlns=0.0; expires=Sun, 08-Jan-2017 12:36:53 GMT; domain=.paypal.com; path=/; Secure; HttpOnly
Set-Cookie: Apache=10.72.108.11.1420807013186986; path=/; expires=Sun, 01-Jan-45 12:36:53 GMT
Vary: Accept-Encoding,User-Agent
Connection: close
Set-Cookie: X-PP-SILOVER=name%3DSANDBOX3.WEB.1%26silo_version%3D880%26app%3Dslingshot%26TIME%3D1707847508; domain=.paypal.com; path=/; Secure; HttpOnly
Set-Cookie: X-PP-SILOVER=; Expires=Thu, 01 Jan 1970 00:00:01 GMT
Set-Cookie: Apache=10.72.128.11.1420807013169493; path=/; expires=Sun, 01-Jan-45 12:36:53 GMT
Strict-Transport-Security: max-age=14400
Transfer-Encoding: chunked
Content-Type: text/html; charset=UTF-8

VERIFIED
[2015-01-09 13:39 Europe/Stockholm] HTTP request of validation request:POST /cgi-bin/webscr HTTP/1.1
Host: www.sandbox.paypal.com
Accept: */*
Connection: Close
Content-Length: 953
Content-Type: application/x-www-form-urlencoded

 for IPN payload: cmd=_notify-validate&mc_gross=85.00&protection_eligibility=Eligible&address_status=confirmed&payer_id=HJ7NFBDBWDWAN&tax=0.00&address_street=1+Main+St&payment_date=04%3A39%3A22+Jan+09%2C+2015+PST&payment_status=Completed&charset=windows-1252&address_zip=95131&first_name=m&mc_fee=2.77&address_country_code=US&address_name=m+irfan&notify_version=3.8&custom=&payer_status=verified&business=irfan_donation%40gmail.com&address_country=United+States&address_city=San+Jose&quantity=1&verify_sign=A2c7M97oj.l.LqBNQVMzZ.PhE8TTAKXnEdewIP.po-.e3A4KC7gvKZj7&payer_email=irfan125565%40gmail.com&txn_id=6SB13512TF709794U&payment_type=instant&last_name=irfan&address_state=CA&receiver_email=irfan_donation%40gmail.com&payment_fee=2.77&receiver_id=A7SXYVKVZFG3E&txn_type=web_accept&item_name=Red+Cross&mc_currency=USD&item_number=6975&residence_country=US&test_ipn=1&handling_amount=0.00&transaction_subject=&payment_gross=85.00&shipping=0.00&ipn_track_id=efce8b2854b59
[2015-01-09 13:39 Europe/Stockholm] HTTP response of validation request: HTTP/1.1 200 OK
Date: Fri, 09 Jan 2015 12:39:27 GMT
Server: Apache
X-Frame-Options: SAMEORIGIN
Set-Cookie: c9MWDuvPtT9GIMyPc3jwol1VSlO=EcHEShA-_i-F4PNoCubl7fni8tuBBlX3qRPcpRGjwDsvOH677HgrelqIJlAaBAEYYaXDwKG4n3jgun47mticRb3Y3UJaceVl2AcUPFgmsQVE4C-_MDhbVUdOJCMix68ANhNTTsr7OENPKj24TB0FfZvjlU1rAro8IC09k2nm6nlIZKFSzl-Shs8ndn6C9DQ9eDlKsUaEKAux9_5wK7aZNM2Qa0t6GwfVxqZjOu5opinDbFl_e7t6560Ll8M2xYHDrfob0M4ZOVRmK9HdHI7gwCbPJAeK6LwrXDeyszXEGj2UKlSCy0Ly_3fJ-SkR7QCSHDGZneGUinREjRXG3tq0z7vz8q1Rru81QAPmnWv1PpE8df4hKVMlf6-gW_BgETHG19oweeR6IEO0zLzDVj1RzAq6HDzGXKAGJQX-aXo4vOT-zjiUhe3FxBg6qDa; domain=.paypal.com; path=/; Secure; HttpOnly
Set-Cookie: cookie_check=yes; expires=Mon, 06-Jan-2025 12:39:27 GMT; domain=.paypal.com; path=/; Secure; HttpOnly
Set-Cookie: navcmd=_notify-validate; domain=.paypal.com; path=/; Secure; HttpOnly
Set-Cookie: navlns=0.0; expires=Sun, 08-Jan-2017 12:39:27 GMT; domain=.paypal.com; path=/; Secure; HttpOnly
Set-Cookie: Apache=10.72.108.11.1420807167426493; path=/; expires=Sun, 01-Jan-45 12:39:27 GMT
Vary: Accept-Encoding,User-Agent
Connection: close
Set-Cookie: X-PP-SILOVER=name%3DSANDBOX3.WEB.1%26silo_version%3D880%26app%3Dslingshot%26TIME%3D4291538772; domain=.paypal.com; path=/; Secure; HttpOnly
Set-Cookie: X-PP-SILOVER=; Expires=Thu, 01 Jan 1970 00:00:01 GMT
Set-Cookie: Apache=10.72.128.11.1420807167411633; path=/; expires=Sun, 01-Jan-45 12:39:27 GMT
Strict-Transport-Security: max-age=14400
Transfer-Encoding: chunked
Content-Type: text/html; charset=UTF-8

VERIFIED
